mode: atomic
service-user/internal/domain/entity/guides.go:38.51,40.2 1 0
service-user/internal/domain/entity/guides.go:42.55,46.2 3 0
service-user/internal/domain/entity/guides.go:48.55,51.2 2 0
service-user/internal/domain/repository/category.go:16.65,20.2 1 0
service-user/internal/domain/repository/category.go:26.105,29.2 2 0
service-user/internal/domain/repository/category.go:31.92,35.2 3 0
service-user/internal/domain/repository/category.go:37.94,41.2 3 0
service-user/internal/domain/repository/category.go:43.71,45.2 1 0
service-user/internal/domain/usecase/levels.go:18.105,23.2 1 0
service-user/internal/domain/usecase/levels.go:25.100,27.16 2 0
service-user/internal/domain/usecase/levels.go:30.2,32.16 3 0
service-user/internal/domain/usecase/levels.go:35.2,35.119 1 0
service-user/internal/domain/usecase/levels.go:27.16,29.3 1 0
service-user/internal/domain/usecase/levels.go:32.16,34.3 1 0
service-user/internal/domain/usecase/levels.go:39.83,41.16 2 0
service-user/internal/domain/usecase/levels.go:44.2,44.95 1 0
service-user/internal/domain/usecase/levels.go:41.16,43.3 1 0
service-user/internal/domain/usecase/levels.go:48.74,50.16 2 0
service-user/internal/domain/usecase/levels.go:53.2,53.94 1 0
service-user/internal/domain/usecase/levels.go:50.16,52.3 1 0
service-user/internal/domain/usecase/levels.go:57.94,59.16 2 0
service-user/internal/domain/usecase/levels.go:62.2,64.16 3 0
service-user/internal/domain/usecase/levels.go:67.2,68.16 2 0
service-user/internal/domain/usecase/levels.go:71.2,71.123 1 0
service-user/internal/domain/usecase/levels.go:59.16,61.3 1 0
service-user/internal/domain/usecase/levels.go:64.16,66.3 1 0
service-user/internal/domain/usecase/levels.go:68.16,70.3 1 0
service-user/cmd/entry/container-fluid.go:16.104,20.2 1 1
service-user/cmd/entry/container-fluid.go:22.81,26.2 3 0
service-user/cmd/entry/container-fluid.go:27.79,30.16 3 0
service-user/cmd/entry/container-fluid.go:33.2,34.39 2 0
service-user/cmd/entry/container-fluid.go:30.16,32.3 1 0
service-user/cmd/entry/container-fluid.go:36.82,39.16 3 0
service-user/cmd/entry/container-fluid.go:42.2,43.39 2 0
service-user/cmd/entry/container-fluid.go:39.16,41.3 1 0
service-user/cmd/entry/container-fluid.go:45.81,48.16 3 0
service-user/cmd/entry/container-fluid.go:51.2,52.39 2 0
service-user/cmd/entry/container-fluid.go:48.16,50.3 1 0
service-user/cmd/entry/question.go:16.79,20.2 1 0
service-user/cmd/entry/question.go:22.68,26.2 3 0
service-user/cmd/entry/question.go:28.68,31.16 3 0
service-user/cmd/entry/question.go:34.2,35.39 2 0
service-user/cmd/entry/question.go:31.16,33.3 1 0
service-user/cmd/entry/question.go:38.77,41.16 3 0
service-user/cmd/entry/question.go:44.2,45.39 2 0
service-user/cmd/entry/question.go:41.16,43.3 1 0
service-user/internal/domain/validator/question.go:12.63,13.36 1 0
service-user/internal/domain/validator/question.go:13.36,18.44 4 0
service-user/internal/domain/validator/question.go:22.3,23.17 2 0
service-user/internal/domain/validator/question.go:18.44,21.4 2 0
service-user/internal/utils/random_name.go:7.36,10.2 2 0
service-user/cmd/handler/objectives.go:11.145,18.2 6 1
service-user/internal/domain/usecase/question.go:18.113,23.2 1 0
service-user/internal/domain/usecase/question.go:25.108,26.30 1 0
service-user/internal/domain/usecase/question.go:37.2,38.16 2 0
service-user/internal/domain/usecase/question.go:41.2,41.125 1 0
service-user/internal/domain/usecase/question.go:26.30,28.17 2 0
service-user/internal/domain/usecase/question.go:35.3,35.30 1 0
service-user/internal/domain/usecase/question.go:28.17,34.4 1 0
service-user/internal/domain/usecase/question.go:38.16,40.3 1 0
service-user/internal/domain/usecase/question.go:45.100,47.16 2 0
service-user/internal/domain/usecase/question.go:51.2,51.38 1 0
service-user/internal/domain/usecase/question.go:61.2,62.16 2 0
service-user/internal/domain/usecase/question.go:65.2,65.117 1 0
service-user/internal/domain/usecase/question.go:47.16,49.3 1 0
service-user/internal/domain/usecase/question.go:51.38,52.31 1 0
service-user/internal/domain/usecase/question.go:52.31,55.18 3 0
service-user/internal/domain/usecase/question.go:55.18,57.5 1 0
service-user/internal/domain/usecase/question.go:62.16,64.3 1 0
service-user/internal/domain/usecase/question.go:68.89,70.16 2 0
service-user/internal/domain/usecase/question.go:73.2,73.97 1 0
service-user/internal/domain/usecase/question.go:70.16,72.3 1 0
service-user/cmd/handler/question.go:11.142,17.2 5 0
service-user/internal/domain/repository/levels.go:16.57,20.2 1 0
service-user/internal/domain/repository/levels.go:26.87,29.2 2 0
service-user/internal/domain/repository/levels.go:31.93,35.2 3 0
service-user/internal/domain/repository/levels.go:37.82,41.2 3 0
service-user/internal/domain/repository/levels.go:43.63,45.2 1 0
service-user/internal/domain/repository/objectives.go:16.65,20.2 1 0
service-user/internal/domain/repository/objectives.go:26.105,29.2 2 0
service-user/internal/domain/repository/objectives.go:31.73,33.2 1 0
service-user/internal/domain/repository/objectives.go:35.99,39.2 3 0
service-user/internal/domain/repository/objectives.go:41.96,45.2 3 0
service-user/internal/domain/usecase/objectives.go:14.94,18.2 1 0
service-user/internal/domain/usecase/objectives.go:20.96,22.16 2 0
service-user/internal/domain/usecase/objectives.go:25.2,25.127 1 0
service-user/internal/domain/usecase/objectives.go:22.16,24.3 1 0
service-user/internal/domain/usecase/objectives.go:29.83,31.16 2 0
service-user/internal/domain/usecase/objectives.go:34.2,34.118 1 0
service-user/internal/domain/usecase/objectives.go:31.16,33.3 1 0
service-user/internal/domain/usecase/objectives.go:38.85,40.16 2 0
service-user/internal/domain/usecase/objectives.go:43.2,43.99 1 0
service-user/internal/domain/usecase/objectives.go:40.16,42.3 1 0
service-user/internal/domain/usecase/objectives.go:46.83,48.16 2 0
service-user/internal/domain/usecase/objectives.go:51.2,51.98 1 0
service-user/internal/domain/usecase/objectives.go:48.16,50.3 1 0
service-user/internal/domain/entity/levels.go:27.51,29.2 1 0
service-user/internal/domain/entity/levels.go:31.55,35.2 3 0
service-user/internal/domain/entity/levels.go:37.55,40.2 2 0
service-user/internal/domain/utils/url.go:5.63,7.27 2 0
service-user/internal/domain/utils/url.go:10.2,10.10 1 0
service-user/internal/domain/utils/url.go:7.27,9.3 1 0
service-user/cmd/entry/levels.go:16.68,20.2 1 1
service-user/cmd/entry/levels.go:22.65,26.2 3 0
service-user/cmd/entry/levels.go:28.71,31.16 3 0
service-user/cmd/entry/levels.go:34.2,35.39 2 0
service-user/cmd/entry/levels.go:31.16,33.3 1 0
service-user/cmd/entry/levels.go:38.64,41.16 3 0
service-user/cmd/entry/levels.go:44.2,45.39 2 0
service-user/cmd/entry/levels.go:41.16,43.3 1 0
service-user/cmd/entry/levels.go:48.63,51.16 3 0
service-user/cmd/entry/levels.go:54.2,55.39 2 0
service-user/cmd/entry/levels.go:51.16,53.3 1 0
service-user/internal/domain/validator/sections.go:12.63,13.36 1 0
service-user/internal/domain/validator/sections.go:13.36,18.43 4 0
service-user/internal/domain/validator/sections.go:22.3,23.17 2 0
service-user/internal/domain/validator/sections.go:18.43,21.4 2 0
service-user/cmd/handler/activities.go:11.148,18.2 6 1
service-user/cmd/handler/levels.go:11.134,18.2 6 1
service-user/cmd/handler/section.go:11.139,18.2 6 1
service-user/internal/domain/repository/activities.go:16.65,20.2 1 0
service-user/internal/domain/repository/activities.go:26.109,29.2 2 0
service-user/internal/domain/repository/activities.go:31.92,35.2 3 0
service-user/internal/domain/repository/activities.go:37.98,41.2 3 0
service-user/internal/domain/repository/activities.go:43.75,45.2 1 0
service-user/cmd/entry/section.go:16.75,20.2 1 1
service-user/cmd/entry/section.go:22.66,26.2 3 0
service-user/cmd/entry/section.go:28.64,32.2 3 0
service-user/cmd/entry/section.go:34.67,37.16 3 0
service-user/cmd/entry/section.go:40.2,41.39 2 0
service-user/cmd/entry/section.go:37.16,39.3 1 0
service-user/cmd/entry/section.go:44.66,47.16 3 0
service-user/cmd/entry/section.go:50.2,51.39 2 0
service-user/cmd/entry/section.go:47.16,49.3 1 0
service-user/internal/domain/utils/sql.go:3.68,7.33 4 0
service-user/internal/domain/utils/sql.go:14.2,14.25 1 0
service-user/internal/domain/utils/sql.go:7.33,9.13 2 0
service-user/internal/domain/utils/sql.go:12.3,12.35 1 0
service-user/internal/domain/utils/sql.go:9.13,11.4 1 0
service-user/internal/domain/validator/container-level.go:12.70,13.36 1 0
service-user/internal/domain/validator/container-level.go:13.36,18.51 4 0
service-user/internal/domain/validator/container-level.go:22.3,23.17 2 0
service-user/internal/domain/validator/container-level.go:18.51,21.4 2 0
service-user/internal/domain/entity/section.go:28.52,30.2 1 0
service-user/internal/domain/entity/section.go:32.56,36.2 3 0
service-user/internal/domain/entity/section.go:38.56,41.2 2 0
service-user/internal/domain/usecase/guides.go:18.105,23.2 1 0
service-user/internal/domain/usecase/guides.go:25.102,27.16 2 0
service-user/internal/domain/usecase/guides.go:30.2,32.16 3 0
service-user/internal/domain/usecase/guides.go:35.2,35.118 1 0
service-user/internal/domain/usecase/guides.go:27.16,29.3 1 0
service-user/internal/domain/usecase/guides.go:32.16,34.3 1 0
service-user/internal/domain/usecase/guides.go:38.86,40.16 2 0
service-user/internal/domain/usecase/guides.go:43.2,43.95 1 0
service-user/internal/domain/usecase/guides.go:40.16,42.3 1 0
service-user/internal/domain/usecase/guides.go:46.74,48.16 2 0
service-user/internal/domain/usecase/guides.go:51.2,51.94 1 0
service-user/internal/domain/usecase/guides.go:48.16,50.3 1 0
service-user/internal/domain/usecase/guides.go:54.94,56.16 2 0
service-user/internal/domain/usecase/guides.go:59.2,61.16 3 0
service-user/internal/domain/usecase/guides.go:64.2,65.16 2 0
service-user/internal/domain/usecase/guides.go:68.2,68.113 1 0
service-user/internal/domain/usecase/guides.go:56.16,58.3 1 0
service-user/internal/domain/usecase/guides.go:61.16,63.3 1 0
service-user/internal/domain/usecase/guides.go:65.16,67.3 1 0
service-user/internal/domain/entity/question.go:19.57,23.2 3 0
service-user/internal/domain/entity/question.go:25.57,28.2 2 0
service-user/cmd/entry/category.go:16.81,20.2 1 1
service-user/cmd/entry/category.go:22.70,26.2 3 0
service-user/cmd/entry/category.go:28.66,31.16 3 0
service-user/cmd/entry/category.go:34.2,35.39 2 0
service-user/cmd/entry/category.go:31.16,33.3 1 0
service-user/cmd/entry/category.go:38.69,41.16 3 0
service-user/cmd/entry/category.go:44.2,45.39 2 0
service-user/cmd/entry/category.go:41.16,43.3 1 0
service-user/cmd/entry/category.go:48.68,51.16 3 0
service-user/cmd/entry/category.go:54.2,55.39 2 0
service-user/cmd/entry/category.go:51.16,53.3 1 0
service-user/cmd/handler/guides.go:11.134,18.2 6 1
service-user/internal/domain/repository/container-level.go:16.75,20.2 1 0
service-user/internal/domain/repository/container-level.go:26.132,29.2 2 0
service-user/internal/domain/repository/container-level.go:31.108,35.2 3 0
service-user/internal/domain/repository/container-level.go:37.118,41.2 3 0
service-user/internal/domain/repository/container-level.go:43.90,45.2 1 0
service-user/internal/domain/usecase/container-level.go:18.141,23.2 1 0
service-user/internal/domain/usecase/container-level.go:25.131,26.31 1 0
service-user/internal/domain/usecase/container-level.go:38.2,39.16 2 0
service-user/internal/domain/usecase/container-level.go:42.2,42.119 1 0
service-user/internal/domain/usecase/container-level.go:26.31,28.17 2 0
service-user/internal/domain/usecase/container-level.go:35.3,35.33 1 0
service-user/internal/domain/usecase/container-level.go:28.17,34.4 1 0
service-user/internal/domain/usecase/container-level.go:39.16,41.3 1 0
service-user/internal/domain/usecase/container-level.go:45.89,47.16 2 0
service-user/internal/domain/usecase/container-level.go:50.2,50.98 1 0
service-user/internal/domain/usecase/container-level.go:47.16,49.3 1 0
service-user/internal/domain/usecase/container-level.go:53.101,55.16 2 0
service-user/internal/domain/usecase/container-level.go:58.2,58.98 1 0
service-user/internal/domain/usecase/container-level.go:55.16,57.3 1 0
service-user/internal/domain/usecase/container-level.go:62.121,64.16 2 0
service-user/internal/domain/usecase/container-level.go:67.2,67.31 1 0
service-user/internal/domain/usecase/container-level.go:74.2,75.16 2 0
service-user/internal/domain/usecase/container-level.go:78.2,78.134 1 0
service-user/internal/domain/usecase/container-level.go:64.16,66.3 1 0
service-user/internal/domain/usecase/container-level.go:67.31,70.17 3 0
service-user/internal/domain/usecase/container-level.go:70.17,72.4 1 0
service-user/internal/domain/usecase/container-level.go:75.16,77.3 1 0
service-user/internal/domain/entity/container-level.go:18.64,22.2 3 0
service-user/internal/domain/entity/container-level.go:24.64,27.2 2 0
service-user/internal/domain/validator/category.go:12.65,13.36 1 0
service-user/internal/domain/validator/category.go:13.36,18.46 4 0
service-user/internal/domain/validator/category.go:22.3,23.17 2 0
service-user/internal/domain/validator/category.go:18.46,21.4 2 0
service-user/internal/domain/entity/category.go:27.54,29.2 1 0
service-user/internal/domain/entity/category.go:31.59,35.2 3 0
service-user/internal/domain/entity/category.go:37.59,40.2 2 0
service-user/internal/domain/object_values/response.go:10.107,17.2 1 0
service-user/internal/domain/repository/section.go:17.59,21.2 1 0
service-user/internal/domain/repository/section.go:27.92,30.2 2 0
service-user/internal/domain/repository/section.go:32.99,37.2 4 0
service-user/internal/domain/repository/section.go:39.86,43.2 3 0
service-user/internal/domain/repository/section.go:45.66,47.2 1 0
service-user/cmd/entry/guides.go:17.68,21.2 1 1
service-user/cmd/entry/guides.go:23.65,27.2 3 0
service-user/cmd/entry/guides.go:29.61,33.2 3 0
service-user/cmd/entry/guides.go:35.64,38.16 3 0
service-user/cmd/entry/guides.go:41.2,42.39 2 0
service-user/cmd/entry/guides.go:38.16,40.3 1 0
service-user/cmd/entry/guides.go:45.63,48.16 3 0
service-user/cmd/entry/guides.go:51.2,52.39 2 0
service-user/cmd/entry/guides.go:48.16,50.3 1 0
service-user/internal/domain/validator/guides.go:12.61,13.36 1 0
service-user/internal/domain/validator/guides.go:13.36,18.42 4 0
service-user/internal/domain/validator/guides.go:22.3,23.17 2 0
service-user/internal/domain/validator/guides.go:18.42,21.4 2 0
service-user/cmd/handler/category.go:11.148,18.2 6 1
service-user/internal/utils/url_utils.go:9.33,12.2 2 0
service-user/internal/utils/url_utils.go:14.47,17.2 2 0
service-user/internal/infra/storage/storage.go:24.76,29.2 1 0
service-user/internal/infra/storage/storage.go:31.102,33.16 2 0
service-user/internal/infra/storage/storage.go:36.2,43.44 6 0
service-user/internal/infra/storage/storage.go:48.2,48.35 1 0
service-user/internal/infra/storage/storage.go:53.2,59.22 2 0
service-user/internal/infra/storage/storage.go:33.16,35.3 1 0
service-user/internal/infra/storage/storage.go:43.44,46.3 2 0
service-user/internal/infra/storage/storage.go:48.35,51.3 2 0
service-user/internal/infra/storage/storage.go:62.94,67.43 4 0
service-user/internal/infra/storage/storage.go:71.2,71.12 1 0
service-user/internal/infra/storage/storage.go:67.43,69.3 1 0
service-user/internal/domain/usecase/category.go:18.121,23.2 1 0
service-user/internal/domain/usecase/category.go:25.115,27.16 2 0
service-user/internal/domain/usecase/category.go:30.2,32.16 3 0
service-user/internal/domain/usecase/category.go:35.2,35.128 1 0
service-user/internal/domain/usecase/category.go:27.16,29.3 1 0
service-user/internal/domain/usecase/category.go:32.16,34.3 1 0
service-user/internal/domain/usecase/category.go:38.79,40.16 2 0
service-user/internal/domain/usecase/category.go:43.2,43.99 1 0
service-user/internal/domain/usecase/category.go:40.16,42.3 1 0
service-user/internal/domain/usecase/category.go:46.82,48.16 2 0
service-user/internal/domain/usecase/category.go:51.2,51.97 1 0
service-user/internal/domain/usecase/category.go:48.16,50.3 1 0
service-user/internal/domain/usecase/category.go:54.102,56.55 2 0
service-user/internal/domain/usecase/category.go:59.2,61.16 3 0
service-user/internal/domain/usecase/category.go:64.2,65.16 2 0
service-user/internal/domain/usecase/category.go:68.2,68.118 1 0
service-user/internal/domain/usecase/category.go:56.55,58.3 1 0
service-user/internal/domain/usecase/category.go:61.16,63.3 1 0
service-user/internal/domain/usecase/category.go:65.16,67.3 1 0
service-user/cmd/entry/objectives.go:16.83,20.2 1 1
service-user/cmd/entry/objectives.go:22.72,26.2 3 0
service-user/cmd/entry/objectives.go:28.70,31.16 3 0
service-user/cmd/entry/objectives.go:34.2,35.39 2 0
service-user/cmd/entry/objectives.go:31.16,33.3 1 0
service-user/cmd/entry/objectives.go:38.76,41.16 3 0
service-user/cmd/entry/objectives.go:44.2,45.39 2 0
service-user/cmd/entry/objectives.go:41.16,43.3 1 0
service-user/cmd/entry/objectives.go:48.71,51.16 3 0
service-user/cmd/entry/objectives.go:54.2,55.39 2 0
service-user/cmd/entry/objectives.go:51.16,53.3 1 0
service-user/internal/domain/validator/levels.go:12.61,13.36 1 0
service-user/internal/domain/validator/levels.go:13.36,18.42 4 0
service-user/internal/domain/validator/levels.go:22.3,23.17 2 0
service-user/internal/domain/validator/levels.go:18.42,21.4 2 0
service-user/internal/domain/entity/objectives.go:27.55,29.2 1 0
service-user/internal/domain/entity/objectives.go:31.59,35.2 3 0
service-user/internal/domain/entity/objectives.go:37.59,40.2 2 0
service-user/internal/utils/decode_file.go:9.58,11.16 2 0
service-user/internal/utils/decode_file.go:15.2,16.17 2 0
service-user/internal/utils/decode_file.go:11.16,13.3 1 0
service-user/internal/domain/validator/objectives.go:12.65,13.36 1 0
service-user/internal/domain/validator/objectives.go:13.36,18.46 4 0
service-user/internal/domain/validator/objectives.go:22.3,23.17 2 0
service-user/internal/domain/validator/objectives.go:18.46,21.4 2 0
service-user/internal/domain/repository/question.go:15.61,19.2 1 0
service-user/internal/domain/repository/question.go:25.97,28.2 2 0
service-user/internal/domain/repository/question.go:30.69,32.2 1 0
service-user/internal/domain/repository/question.go:34.101,38.2 3 0
service-user/internal/domain/usecase/section.go:18.109,23.2 1 0
service-user/internal/domain/usecase/section.go:25.105,27.16 2 0
service-user/internal/domain/usecase/section.go:30.2,32.16 3 0
service-user/internal/domain/usecase/section.go:35.2,35.123 1 0
service-user/internal/domain/usecase/section.go:27.16,29.3 1 0
service-user/internal/domain/usecase/section.go:32.16,34.3 1 0
service-user/internal/domain/usecase/section.go:38.88,40.16 2 0
service-user/internal/domain/usecase/section.go:43.2,43.97 1 0
service-user/internal/domain/usecase/section.go:40.16,42.3 1 0
service-user/internal/domain/usecase/section.go:46.77,48.16 2 0
service-user/internal/domain/usecase/section.go:51.2,51.96 1 0
service-user/internal/domain/usecase/section.go:48.16,50.3 1 0
service-user/internal/domain/usecase/section.go:54.97,56.53 2 0
service-user/internal/domain/usecase/section.go:59.2,61.16 3 0
service-user/internal/domain/usecase/section.go:64.2,65.16 2 0
service-user/internal/domain/usecase/section.go:68.2,68.116 1 0
service-user/internal/domain/usecase/section.go:56.53,58.3 1 0
service-user/internal/domain/usecase/section.go:61.16,63.3 1 0
service-user/internal/domain/usecase/section.go:65.16,67.3 1 0
service-user/internal/infra/validation/client.go:19.41,20.17 1 0
service-user/internal/infra/validation/client.go:33.2,33.17 1 0
service-user/internal/infra/validation/client.go:20.17,26.13 5 0
service-user/internal/infra/validation/client.go:29.3,29.85 1 0
service-user/internal/infra/validation/client.go:26.13,28.4 1 0
service-user/internal/infra/validation/client.go:29.85,31.4 1 0
service-user/internal/infra/validation/client.go:41.86,45.25 2 0
service-user/internal/infra/validation/client.go:53.2,53.15 1 0
service-user/internal/infra/validation/client.go:45.25,51.3 2 0
service-user/cmd/handler/container-fluid.go:11.161,19.2 6 1
service-user/internal/domain/entity/activities.go:21.59,25.2 3 0
service-user/internal/domain/entity/activities.go:27.59,30.2 2 0
service-user/internal/domain/repository/guides.go:17.57,21.2 1 0
service-user/internal/domain/repository/guides.go:27.87,30.2 2 0
service-user/internal/domain/repository/guides.go:32.96,38.2 4 0
service-user/internal/domain/repository/guides.go:40.81,47.2 6 0
service-user/internal/domain/repository/guides.go:49.63,51.2 1 0
service-user/internal/domain/usecase/activities.go:18.121,23.2 1 0
service-user/internal/domain/usecase/activities.go:25.119,27.16 2 0
service-user/internal/domain/usecase/activities.go:34.2,36.16 3 0
service-user/internal/domain/usecase/activities.go:39.2,39.128 1 0
service-user/internal/domain/usecase/activities.go:27.16,33.3 1 0
service-user/internal/domain/usecase/activities.go:36.16,38.3 1 0
service-user/internal/domain/usecase/activities.go:42.78,44.16 2 0
service-user/internal/domain/usecase/activities.go:47.2,47.98 1 0
service-user/internal/domain/usecase/activities.go:44.16,46.3 1 0
service-user/internal/domain/usecase/activities.go:50.86,52.16 2 0
service-user/internal/domain/usecase/activities.go:55.2,55.97 1 0
service-user/internal/domain/usecase/activities.go:52.16,54.3 1 0
service-user/internal/domain/usecase/activities.go:58.106,60.16 2 0
service-user/internal/domain/usecase/activities.go:63.2,65.16 3 0
service-user/internal/domain/usecase/activities.go:68.2,69.16 2 0
service-user/internal/domain/usecase/activities.go:72.2,72.124 1 0
service-user/internal/domain/usecase/activities.go:60.16,62.3 1 0
service-user/internal/domain/usecase/activities.go:65.16,67.3 1 0
service-user/internal/domain/usecase/activities.go:69.16,71.3 1 0
service-user/cmd/entry/activities.go:16.87,20.2 1 1
service-user/cmd/entry/activities.go:22.74,26.2 3 0
service-user/cmd/entry/activities.go:28.70,31.16 3 0
service-user/cmd/entry/activities.go:34.2,35.39 2 0
service-user/cmd/entry/activities.go:31.16,33.3 1 0
service-user/cmd/entry/activities.go:38.73,41.16 3 0
service-user/cmd/entry/activities.go:44.2,45.39 2 0
service-user/cmd/entry/activities.go:41.16,43.3 1 0
service-user/cmd/entry/activities.go:49.72,52.16 3 0
service-user/cmd/entry/activities.go:55.2,56.39 2 0
service-user/cmd/entry/activities.go:52.16,54.3 1 0
service-user/internal/domain/validator/activities.go:12.65,13.36 1 0
service-user/internal/domain/validator/activities.go:13.36,18.46 4 0
service-user/internal/domain/validator/activities.go:22.3,23.17 2 0
service-user/internal/domain/validator/activities.go:18.46,21.4 2 0
service-user/internal/domain/utils/sql.go:3.68,7.33 4 0
service-user/internal/domain/utils/sql.go:14.2,14.25 1 0
service-user/internal/domain/utils/sql.go:7.33,9.13 2 0
service-user/internal/domain/utils/sql.go:12.3,12.35 1 0
service-user/internal/domain/utils/sql.go:9.13,11.4 1 0
service-user/internal/domain/entity/container-level.go:18.64,22.2 3 2
service-user/internal/domain/entity/container-level.go:24.64,27.2 2 0
service-user/internal/domain/entity/guides.go:38.51,40.2 1 1
service-user/internal/domain/entity/guides.go:42.55,46.2 3 2
service-user/internal/domain/entity/guides.go:48.55,51.2 2 0
service-user/internal/domain/repository/category.go:16.65,20.2 1 1
service-user/internal/domain/repository/category.go:26.105,29.2 2 2
service-user/internal/domain/repository/category.go:31.92,35.2 3 0
service-user/internal/domain/repository/category.go:37.94,41.2 3 0
service-user/internal/domain/repository/category.go:43.71,45.2 1 0
service-user/internal/domain/repository/guides.go:17.57,21.2 1 1
service-user/internal/domain/repository/guides.go:27.87,30.2 2 2
service-user/internal/domain/repository/guides.go:32.96,38.2 4 0
service-user/internal/domain/repository/guides.go:40.81,47.2 6 0
service-user/internal/domain/repository/guides.go:49.63,51.2 1 0
service-user/internal/domain/repository/levels.go:16.57,20.2 1 1
service-user/internal/domain/repository/levels.go:26.87,29.2 2 2
service-user/internal/domain/repository/levels.go:31.93,35.2 3 0
service-user/internal/domain/repository/levels.go:37.82,41.2 3 0
service-user/internal/domain/repository/levels.go:43.63,45.2 1 0
service-user/internal/domain/repository/objectives.go:16.65,20.2 1 1
service-user/internal/domain/repository/objectives.go:26.105,29.2 2 2
service-user/internal/domain/repository/objectives.go:31.73,33.2 1 0
service-user/internal/domain/repository/objectives.go:35.99,39.2 3 0
service-user/internal/domain/repository/objectives.go:41.96,45.2 3 0
service-user/internal/domain/entity/question.go:19.57,23.2 3 2
service-user/internal/domain/entity/question.go:25.57,28.2 2 0
service-user/internal/domain/entity/section.go:28.52,30.2 1 4
service-user/internal/domain/entity/section.go:32.56,36.2 3 2
service-user/internal/domain/entity/section.go:38.56,41.2 2 0
service-user/internal/domain/repository/activities.go:16.65,20.2 1 1
service-user/internal/domain/repository/activities.go:26.109,29.2 2 2
service-user/internal/domain/repository/activities.go:31.92,35.2 3 0
service-user/internal/domain/repository/activities.go:37.98,41.2 3 0
service-user/internal/domain/repository/activities.go:43.75,45.2 1 0
service-user/internal/domain/repository/question.go:15.61,19.2 1 1
service-user/internal/domain/repository/question.go:25.97,28.2 2 2
service-user/internal/domain/repository/question.go:30.69,32.2 1 0
service-user/internal/domain/repository/question.go:34.101,38.2 3 0
service-user/internal/domain/repository/section.go:17.59,21.2 1 1
service-user/internal/domain/repository/section.go:27.92,30.2 2 2
service-user/internal/domain/repository/section.go:32.99,37.2 4 0
service-user/internal/domain/repository/section.go:39.86,43.2 3 0
service-user/internal/domain/repository/section.go:45.66,47.2 1 0
service-user/internal/domain/entity/levels.go:27.51,29.2 1 2
service-user/internal/domain/entity/levels.go:31.55,35.2 3 2
service-user/internal/domain/entity/levels.go:37.55,40.2 2 0
service-user/internal/domain/entity/objectives.go:27.55,29.2 1 2
service-user/internal/domain/entity/objectives.go:31.59,35.2 3 2
service-user/internal/domain/entity/objectives.go:37.59,40.2 2 0
service-user/internal/domain/repository/container-level.go:16.75,20.2 1 1
service-user/internal/domain/repository/container-level.go:26.132,29.2 2 2
service-user/internal/domain/repository/container-level.go:31.108,35.2 3 0
service-user/internal/domain/repository/container-level.go:37.118,41.2 3 0
service-user/internal/domain/repository/container-level.go:43.90,45.2 1 0
service-user/internal/domain/entity/activities.go:21.59,25.2 3 2
service-user/internal/domain/entity/activities.go:27.59,30.2 2 0
service-user/internal/domain/entity/category.go:27.54,29.2 1 4
service-user/internal/domain/entity/category.go:31.59,35.2 3 2
service-user/internal/domain/entity/category.go:37.59,40.2 2 0
service-user/internal/domain/utils/url.go:5.63,7.27 2 0
service-user/internal/domain/utils/url.go:10.2,10.10 1 0
service-user/internal/domain/utils/url.go:7.27,9.3 1 0
service-user/internal/infra/storage/storage.go:24.76,29.2 1 0
service-user/internal/infra/storage/storage.go:31.102,33.16 2 0
service-user/internal/infra/storage/storage.go:36.2,43.44 6 0
service-user/internal/infra/storage/storage.go:48.2,48.35 1 0
service-user/internal/infra/storage/storage.go:53.2,59.22 2 0
service-user/internal/infra/storage/storage.go:33.16,35.3 1 0
service-user/internal/infra/storage/storage.go:43.44,46.3 2 0
service-user/internal/infra/storage/storage.go:48.35,51.3 2 0
service-user/internal/infra/storage/storage.go:62.94,67.43 4 0
service-user/internal/infra/storage/storage.go:71.2,71.12 1 0
service-user/internal/infra/storage/storage.go:67.43,69.3 1 0
service-user/internal/domain/usecase/guides.go:18.105,23.2 1 11
service-user/internal/domain/usecase/guides.go:25.102,27.16 2 3
service-user/internal/domain/usecase/guides.go:30.2,32.16 3 2
service-user/internal/domain/usecase/guides.go:35.2,35.118 1 1
service-user/internal/domain/usecase/guides.go:27.16,29.3 1 1
service-user/internal/domain/usecase/guides.go:32.16,34.3 1 1
service-user/internal/domain/usecase/guides.go:38.86,40.16 2 2
service-user/internal/domain/usecase/guides.go:43.2,43.95 1 1
service-user/internal/domain/usecase/guides.go:40.16,42.3 1 1
service-user/internal/domain/usecase/guides.go:46.74,48.16 2 2
service-user/internal/domain/usecase/guides.go:51.2,51.94 1 1
service-user/internal/domain/usecase/guides.go:48.16,50.3 1 1
service-user/internal/domain/usecase/guides.go:54.94,56.16 2 4
service-user/internal/domain/usecase/guides.go:59.2,61.16 3 3
service-user/internal/domain/usecase/guides.go:64.2,65.16 2 2
service-user/internal/domain/usecase/guides.go:68.2,68.113 1 1
service-user/internal/domain/usecase/guides.go:56.16,58.3 1 1
service-user/internal/domain/usecase/guides.go:61.16,63.3 1 1
service-user/internal/domain/usecase/guides.go:65.16,67.3 1 1
service-user/internal/domain/usecase/levels.go:18.105,23.2 1 11
service-user/internal/domain/usecase/levels.go:25.100,27.16 2 3
service-user/internal/domain/usecase/levels.go:30.2,32.16 3 2
service-user/internal/domain/usecase/levels.go:35.2,35.119 1 1
service-user/internal/domain/usecase/levels.go:27.16,29.3 1 1
service-user/internal/domain/usecase/levels.go:32.16,34.3 1 1
service-user/internal/domain/usecase/levels.go:39.83,41.16 2 2
service-user/internal/domain/usecase/levels.go:44.2,44.95 1 1
service-user/internal/domain/usecase/levels.go:41.16,43.3 1 1
service-user/internal/domain/usecase/levels.go:48.74,50.16 2 2
service-user/internal/domain/usecase/levels.go:53.2,53.94 1 1
service-user/internal/domain/usecase/levels.go:50.16,52.3 1 1
service-user/internal/domain/usecase/levels.go:57.94,59.16 2 4
service-user/internal/domain/usecase/levels.go:62.2,64.16 3 3
service-user/internal/domain/usecase/levels.go:67.2,68.16 2 2
service-user/internal/domain/usecase/levels.go:71.2,71.123 1 1
service-user/internal/domain/usecase/levels.go:59.16,61.3 1 1
service-user/internal/domain/usecase/levels.go:64.16,66.3 1 1
service-user/internal/domain/usecase/levels.go:68.16,70.3 1 1
service-user/internal/domain/usecase/section.go:18.109,23.2 1 11
service-user/internal/domain/usecase/section.go:25.105,27.16 2 3
service-user/internal/domain/usecase/section.go:30.2,32.16 3 2
service-user/internal/domain/usecase/section.go:35.2,35.123 1 1
service-user/internal/domain/usecase/section.go:27.16,29.3 1 1
service-user/internal/domain/usecase/section.go:32.16,34.3 1 1
service-user/internal/domain/usecase/section.go:38.88,40.16 2 2
service-user/internal/domain/usecase/section.go:43.2,43.97 1 1
service-user/internal/domain/usecase/section.go:40.16,42.3 1 1
service-user/internal/domain/usecase/section.go:46.77,48.16 2 2
service-user/internal/domain/usecase/section.go:51.2,51.96 1 1
service-user/internal/domain/usecase/section.go:48.16,50.3 1 1
service-user/internal/domain/usecase/section.go:54.97,56.53 2 4
service-user/internal/domain/usecase/section.go:59.2,61.16 3 3
service-user/internal/domain/usecase/section.go:64.2,65.16 2 2
service-user/internal/domain/usecase/section.go:68.2,68.116 1 1
service-user/internal/domain/usecase/section.go:56.53,58.3 1 1
service-user/internal/domain/usecase/section.go:61.16,63.3 1 1
service-user/internal/domain/usecase/section.go:65.16,67.3 1 1
service-user/mocks/IRepositoryCategories.go:17.73,21.50 3 2
service-user/mocks/IRepositoryCategories.go:27.2,27.11 1 2
service-user/mocks/IRepositoryCategories.go:21.50,23.3 1 0
service-user/mocks/IRepositoryCategories.go:23.8,25.3 1 2
service-user/mocks/IRepositoryCategories.go:31.94,36.74 4 2
service-user/mocks/IRepositoryCategories.go:39.2,39.65 1 2
service-user/mocks/IRepositoryCategories.go:47.2,47.50 1 2
service-user/mocks/IRepositoryCategories.go:53.2,53.15 1 2
service-user/mocks/IRepositoryCategories.go:36.74,38.3 1 0
service-user/mocks/IRepositoryCategories.go:39.65,41.3 1 0
service-user/mocks/IRepositoryCategories.go:41.8,42.24 1 2
service-user/mocks/IRepositoryCategories.go:42.24,44.4 1 2
service-user/mocks/IRepositoryCategories.go:47.50,49.3 1 0
service-user/mocks/IRepositoryCategories.go:49.8,51.3 1 2
service-user/mocks/IRepositoryCategories.go:57.96,62.72 4 6
service-user/mocks/IRepositoryCategories.go:65.2,65.63 1 6
service-user/mocks/IRepositoryCategories.go:73.2,73.50 1 6
service-user/mocks/IRepositoryCategories.go:79.2,79.15 1 6
service-user/mocks/IRepositoryCategories.go:62.72,64.3 1 0
service-user/mocks/IRepositoryCategories.go:65.63,67.3 1 0
service-user/mocks/IRepositoryCategories.go:67.8,68.24 1 6
service-user/mocks/IRepositoryCategories.go:68.24,70.4 1 6
service-user/mocks/IRepositoryCategories.go:73.50,75.3 1 0
service-user/mocks/IRepositoryCategories.go:75.8,77.3 1 6
service-user/mocks/IRepositoryCategories.go:83.107,88.84 4 2
service-user/mocks/IRepositoryCategories.go:91.2,91.75 1 2
service-user/mocks/IRepositoryCategories.go:99.2,99.62 1 2
service-user/mocks/IRepositoryCategories.go:105.2,105.15 1 2
service-user/mocks/IRepositoryCategories.go:88.84,90.3 1 0
service-user/mocks/IRepositoryCategories.go:91.75,93.3 1 0
service-user/mocks/IRepositoryCategories.go:93.8,94.24 1 2
service-user/mocks/IRepositoryCategories.go:94.24,96.4 1 2
service-user/mocks/IRepositoryCategories.go:99.62,101.3 1 0
service-user/mocks/IRepositoryCategories.go:101.8,103.3 1 2
service-user/mocks/IRepositoryCategories.go:114.105,118.19 3 11
service-user/mocks/IRepositoryCategories.go:120.2,120.13 1 11
service-user/mocks/IRepositoryCategories.go:118.19,118.49 1 11
service-user/mocks/IRepositoryContainerLevels.go:17.92,21.50 3 2
service-user/mocks/IRepositoryContainerLevels.go:27.2,27.11 1 2
service-user/mocks/IRepositoryContainerLevels.go:21.50,23.3 1 0
service-user/mocks/IRepositoryContainerLevels.go:23.8,25.3 1 2
service-user/mocks/IRepositoryContainerLevels.go:31.110,36.79 4 2
service-user/mocks/IRepositoryContainerLevels.go:39.2,39.70 1 2
service-user/mocks/IRepositoryContainerLevels.go:47.2,47.50 1 2
service-user/mocks/IRepositoryContainerLevels.go:53.2,53.15 1 2
service-user/mocks/IRepositoryContainerLevels.go:36.79,38.3 1 0
service-user/mocks/IRepositoryContainerLevels.go:39.70,41.3 1 0
service-user/mocks/IRepositoryContainerLevels.go:41.8,42.24 1 2
service-user/mocks/IRepositoryContainerLevels.go:42.24,44.4 1 2
service-user/mocks/IRepositoryContainerLevels.go:47.50,49.3 1 0
service-user/mocks/IRepositoryContainerLevels.go:49.8,51.3 1 2
service-user/mocks/IRepositoryContainerLevels.go:57.120,62.77 4 6
service-user/mocks/IRepositoryContainerLevels.go:65.2,65.68 1 6
service-user/mocks/IRepositoryContainerLevels.go:73.2,73.50 1 6
service-user/mocks/IRepositoryContainerLevels.go:79.2,79.15 1 6
service-user/mocks/IRepositoryContainerLevels.go:62.77,64.3 1 0
service-user/mocks/IRepositoryContainerLevels.go:65.68,67.3 1 0
service-user/mocks/IRepositoryContainerLevels.go:67.8,68.24 1 6
service-user/mocks/IRepositoryContainerLevels.go:68.24,70.4 1 6
service-user/mocks/IRepositoryContainerLevels.go:73.50,75.3 1 0
service-user/mocks/IRepositoryContainerLevels.go:75.8,77.3 1 6
service-user/mocks/IRepositoryContainerLevels.go:83.134,88.94 4 2
service-user/mocks/IRepositoryContainerLevels.go:91.2,91.85 1 2
service-user/mocks/IRepositoryContainerLevels.go:99.2,99.67 1 2
service-user/mocks/IRepositoryContainerLevels.go:105.2,105.15 1 2
service-user/mocks/IRepositoryContainerLevels.go:88.94,90.3 1 0
service-user/mocks/IRepositoryContainerLevels.go:91.85,93.3 1 0
service-user/mocks/IRepositoryContainerLevels.go:93.8,94.24 1 2
service-user/mocks/IRepositoryContainerLevels.go:94.24,96.4 1 2
service-user/mocks/IRepositoryContainerLevels.go:99.67,101.3 1 0
service-user/mocks/IRepositoryContainerLevels.go:101.8,103.3 1 2
service-user/mocks/IRepositoryContainerLevels.go:114.120,118.19 3 11
service-user/mocks/IRepositoryContainerLevels.go:120.2,120.13 1 11
service-user/mocks/IRepositoryContainerLevels.go:118.19,118.49 1 11
service-user/internal/domain/repository/category.go:16.65,20.2 1 0
service-user/internal/domain/repository/category.go:26.105,29.2 2 0
service-user/internal/domain/repository/category.go:31.92,35.2 3 0
service-user/internal/domain/repository/category.go:37.94,41.2 3 0
service-user/internal/domain/repository/category.go:43.71,45.2 1 0
service-user/internal/domain/usecase/activities.go:18.121,23.2 1 11
service-user/internal/domain/usecase/activities.go:25.119,27.16 2 3
service-user/internal/domain/usecase/activities.go:34.2,36.16 3 2
service-user/internal/domain/usecase/activities.go:39.2,39.128 1 1
service-user/internal/domain/usecase/activities.go:27.16,33.3 1 1
service-user/internal/domain/usecase/activities.go:36.16,38.3 1 1
service-user/internal/domain/usecase/activities.go:42.78,44.16 2 2
service-user/internal/domain/usecase/activities.go:47.2,47.98 1 1
service-user/internal/domain/usecase/activities.go:44.16,46.3 1 1
service-user/internal/domain/usecase/activities.go:50.86,52.16 2 2
service-user/internal/domain/usecase/activities.go:55.2,55.97 1 1
service-user/internal/domain/usecase/activities.go:52.16,54.3 1 1
service-user/internal/domain/usecase/activities.go:58.106,60.16 2 4
service-user/internal/domain/usecase/activities.go:63.2,65.16 3 3
service-user/internal/domain/usecase/activities.go:68.2,69.16 2 2
service-user/internal/domain/usecase/activities.go:72.2,72.124 1 1
service-user/internal/domain/usecase/activities.go:60.16,62.3 1 1
service-user/internal/domain/usecase/activities.go:65.16,67.3 1 1
service-user/internal/domain/usecase/activities.go:69.16,71.3 1 1
service-user/internal/domain/usecase/question.go:18.113,23.2 1 9
service-user/internal/domain/usecase/question.go:25.108,26.30 1 3
service-user/internal/domain/usecase/question.go:37.2,38.16 2 2
service-user/internal/domain/usecase/question.go:41.2,41.125 1 1
service-user/internal/domain/usecase/question.go:26.30,28.17 2 3
service-user/internal/domain/usecase/question.go:35.3,35.30 1 2
service-user/internal/domain/usecase/question.go:28.17,34.4 1 1
service-user/internal/domain/usecase/question.go:38.16,40.3 1 1
service-user/internal/domain/usecase/question.go:45.100,47.16 2 4
service-user/internal/domain/usecase/question.go:51.2,51.38 1 3
service-user/internal/domain/usecase/question.go:61.2,62.16 2 2
service-user/internal/domain/usecase/question.go:65.2,65.117 1 1
service-user/internal/domain/usecase/question.go:47.16,49.3 1 1
service-user/internal/domain/usecase/question.go:51.38,52.31 1 3
service-user/internal/domain/usecase/question.go:52.31,55.18 3 3
service-user/internal/domain/usecase/question.go:55.18,57.5 1 1
service-user/internal/domain/usecase/question.go:62.16,64.3 1 1
service-user/internal/domain/usecase/question.go:68.89,70.16 2 2
service-user/internal/domain/usecase/question.go:73.2,73.97 1 1
service-user/internal/domain/usecase/question.go:70.16,72.3 1 1
service-user/mocks/ClientRest.go:16.89,21.82 4 0
service-user/mocks/ClientRest.go:24.2,24.73 1 0
service-user/mocks/ClientRest.go:32.2,32.64 1 0
service-user/mocks/ClientRest.go:38.2,38.15 1 0
service-user/mocks/ClientRest.go:21.82,23.3 1 0
service-user/mocks/ClientRest.go:24.73,26.3 1 0
service-user/mocks/ClientRest.go:26.8,27.24 1 0
service-user/mocks/ClientRest.go:27.24,29.4 1 0
service-user/mocks/ClientRest.go:32.64,34.3 1 0
service-user/mocks/ClientRest.go:34.8,36.3 1 0
service-user/mocks/ClientRest.go:42.68,47.69 4 0
service-user/mocks/ClientRest.go:50.2,50.60 1 0
service-user/mocks/ClientRest.go:58.2,58.51 1 0
service-user/mocks/ClientRest.go:64.2,64.15 1 0
service-user/mocks/ClientRest.go:47.69,49.3 1 0
service-user/mocks/ClientRest.go:50.60,52.3 1 0
service-user/mocks/ClientRest.go:52.8,53.24 1 0
service-user/mocks/ClientRest.go:53.24,55.4 1 0
service-user/mocks/ClientRest.go:58.51,60.3 1 0
service-user/mocks/ClientRest.go:60.8,62.3 1 0
service-user/mocks/ClientRest.go:68.87,73.82 4 0
service-user/mocks/ClientRest.go:76.2,76.73 1 0
service-user/mocks/ClientRest.go:84.2,84.64 1 0
service-user/mocks/ClientRest.go:90.2,90.15 1 0
service-user/mocks/ClientRest.go:73.82,75.3 1 0
service-user/mocks/ClientRest.go:76.73,78.3 1 0
service-user/mocks/ClientRest.go:78.8,79.24 1 0
service-user/mocks/ClientRest.go:79.24,81.4 1 0
service-user/mocks/ClientRest.go:84.64,86.3 1 0
service-user/mocks/ClientRest.go:86.8,88.3 1 0
service-user/mocks/ClientRest.go:94.86,99.82 4 0
service-user/mocks/ClientRest.go:102.2,102.73 1 0
service-user/mocks/ClientRest.go:110.2,110.64 1 0
service-user/mocks/ClientRest.go:116.2,116.15 1 0
service-user/mocks/ClientRest.go:99.82,101.3 1 0
service-user/mocks/ClientRest.go:102.73,104.3 1 0
service-user/mocks/ClientRest.go:104.8,105.24 1 0
service-user/mocks/ClientRest.go:105.24,107.4 1 0
service-user/mocks/ClientRest.go:110.64,112.3 1 0
service-user/mocks/ClientRest.go:112.8,114.3 1 0
service-user/mocks/ClientRest.go:125.72,129.19 3 0
service-user/mocks/ClientRest.go:131.2,131.13 1 0
service-user/mocks/ClientRest.go:129.19,129.49 1 0
service-user/mocks/IGCImageRepo.go:17.97,21.76 3 21
service-user/mocks/IGCImageRepo.go:27.2,27.11 1 21
service-user/mocks/IGCImageRepo.go:21.76,23.3 1 0
service-user/mocks/IGCImageRepo.go:23.8,25.3 1 21
service-user/mocks/IGCImageRepo.go:31.105,36.86 4 21
service-user/mocks/IGCImageRepo.go:39.2,39.77 1 21
service-user/mocks/IGCImageRepo.go:45.2,45.76 1 21
service-user/mocks/IGCImageRepo.go:51.2,51.15 1 21
service-user/mocks/IGCImageRepo.go:36.86,38.3 1 0
service-user/mocks/IGCImageRepo.go:39.77,41.3 1 0
service-user/mocks/IGCImageRepo.go:41.8,43.3 1 21
service-user/mocks/IGCImageRepo.go:45.76,47.3 1 0
service-user/mocks/IGCImageRepo.go:47.8,49.3 1 21
service-user/mocks/IGCImageRepo.go:60.78,64.19 3 75
service-user/mocks/IGCImageRepo.go:66.2,66.13 1 75
service-user/mocks/IGCImageRepo.go:64.19,64.49 1 75
service-user/mocks/IRepositoryQuestion.go:17.71,21.50 3 2
service-user/mocks/IRepositoryQuestion.go:27.2,27.11 1 2
service-user/mocks/IRepositoryQuestion.go:21.50,23.3 1 0
service-user/mocks/IRepositoryQuestion.go:23.8,25.3 1 2
service-user/mocks/IRepositoryQuestion.go:31.103,36.72 4 6
service-user/mocks/IRepositoryQuestion.go:39.2,39.63 1 6
service-user/mocks/IRepositoryQuestion.go:47.2,47.50 1 6
service-user/mocks/IRepositoryQuestion.go:53.2,53.15 1 6
service-user/mocks/IRepositoryQuestion.go:36.72,38.3 1 0
service-user/mocks/IRepositoryQuestion.go:39.63,41.3 1 0
service-user/mocks/IRepositoryQuestion.go:41.8,42.24 1 6
service-user/mocks/IRepositoryQuestion.go:42.24,44.4 1 6
service-user/mocks/IRepositoryQuestion.go:47.50,49.3 1 0
service-user/mocks/IRepositoryQuestion.go:49.8,51.3 1 6
service-user/mocks/IRepositoryQuestion.go:57.99,62.80 4 2
service-user/mocks/IRepositoryQuestion.go:65.2,65.71 1 2
service-user/mocks/IRepositoryQuestion.go:73.2,73.60 1 2
service-user/mocks/IRepositoryQuestion.go:79.2,79.15 1 2
service-user/mocks/IRepositoryQuestion.go:62.80,64.3 1 0
service-user/mocks/IRepositoryQuestion.go:65.71,67.3 1 0
service-user/mocks/IRepositoryQuestion.go:67.8,68.24 1 2
service-user/mocks/IRepositoryQuestion.go:68.24,70.4 1 2
service-user/mocks/IRepositoryQuestion.go:73.60,75.3 1 0
service-user/mocks/IRepositoryQuestion.go:75.8,77.3 1 2
service-user/mocks/IRepositoryQuestion.go:88.99,92.19 3 9
service-user/mocks/IRepositoryQuestion.go:94.2,94.13 1 9
service-user/mocks/IRepositoryQuestion.go:92.19,92.49 1 9
service-user/internal/domain/utils/url.go:5.63,7.27 2 0
service-user/internal/domain/utils/url.go:10.2,10.10 1 0
service-user/internal/domain/utils/url.go:7.27,9.3 1 0
service-user/internal/utils/decode_file.go:9.58,11.16 2 0
service-user/internal/utils/decode_file.go:15.2,16.17 2 0
service-user/internal/utils/decode_file.go:11.16,13.3 1 0
service-user/mocks/IRepositoryObjectives.go:17.75,21.50 3 2
service-user/mocks/IRepositoryObjectives.go:27.2,27.11 1 2
service-user/mocks/IRepositoryObjectives.go:21.50,23.3 1 0
service-user/mocks/IRepositoryObjectives.go:23.8,25.3 1 2
service-user/mocks/IRepositoryObjectives.go:31.101,36.74 4 2
service-user/mocks/IRepositoryObjectives.go:39.2,39.65 1 2
service-user/mocks/IRepositoryObjectives.go:47.2,47.50 1 2
service-user/mocks/IRepositoryObjectives.go:53.2,53.15 1 2
service-user/mocks/IRepositoryObjectives.go:36.74,38.3 1 0
service-user/mocks/IRepositoryObjectives.go:39.65,41.3 1 0
service-user/mocks/IRepositoryObjectives.go:41.8,42.24 1 2
service-user/mocks/IRepositoryObjectives.go:42.24,44.4 1 2
service-user/mocks/IRepositoryObjectives.go:47.50,49.3 1 0
service-user/mocks/IRepositoryObjectives.go:49.8,51.3 1 2
service-user/mocks/IRepositoryObjectives.go:57.98,62.72 4 2
service-user/mocks/IRepositoryObjectives.go:65.2,65.63 1 2
service-user/mocks/IRepositoryObjectives.go:73.2,73.50 1 2
service-user/mocks/IRepositoryObjectives.go:79.2,79.15 1 2
service-user/mocks/IRepositoryObjectives.go:62.72,64.3 1 0
service-user/mocks/IRepositoryObjectives.go:65.63,67.3 1 0
service-user/mocks/IRepositoryObjectives.go:67.8,68.24 1 2
service-user/mocks/IRepositoryObjectives.go:68.24,70.4 1 2
service-user/mocks/IRepositoryObjectives.go:73.50,75.3 1 0
service-user/mocks/IRepositoryObjectives.go:75.8,77.3 1 2
service-user/mocks/IRepositoryObjectives.go:83.107,88.84 4 2
service-user/mocks/IRepositoryObjectives.go:91.2,91.75 1 2
service-user/mocks/IRepositoryObjectives.go:99.2,99.62 1 2
service-user/mocks/IRepositoryObjectives.go:105.2,105.15 1 2
service-user/mocks/IRepositoryObjectives.go:88.84,90.3 1 0
service-user/mocks/IRepositoryObjectives.go:91.75,93.3 1 0
service-user/mocks/IRepositoryObjectives.go:93.8,94.24 1 2
service-user/mocks/IRepositoryObjectives.go:94.24,96.4 1 2
service-user/mocks/IRepositoryObjectives.go:99.62,101.3 1 0
service-user/mocks/IRepositoryObjectives.go:101.8,103.3 1 2
service-user/mocks/IRepositoryObjectives.go:114.105,118.19 3 8
service-user/mocks/IRepositoryObjectives.go:120.2,120.13 1 8
service-user/mocks/IRepositoryObjectives.go:118.19,118.49 1 8
service-user/internal/domain/repository/question.go:15.61,19.2 1 0
service-user/internal/domain/repository/question.go:25.97,28.2 2 0
service-user/internal/domain/repository/question.go:30.69,32.2 1 0
service-user/internal/domain/repository/question.go:34.101,38.2 3 0
service-user/internal/domain/utils/sql.go:3.68,7.33 4 0
service-user/internal/domain/utils/sql.go:14.2,14.25 1 0
service-user/internal/domain/utils/sql.go:7.33,9.13 2 0
service-user/internal/domain/utils/sql.go:12.3,12.35 1 0
service-user/internal/domain/utils/sql.go:9.13,11.4 1 0
service-user/internal/domain/repository/activities.go:16.65,20.2 1 0
service-user/internal/domain/repository/activities.go:26.109,29.2 2 0
service-user/internal/domain/repository/activities.go:31.92,35.2 3 0
service-user/internal/domain/repository/activities.go:37.98,41.2 3 0
service-user/internal/domain/repository/activities.go:43.75,45.2 1 0
service-user/internal/domain/repository/section.go:17.59,21.2 1 0
service-user/internal/domain/repository/section.go:27.92,30.2 2 0
service-user/internal/domain/repository/section.go:32.99,37.2 4 0
service-user/internal/domain/repository/section.go:39.86,43.2 3 0
service-user/internal/domain/repository/section.go:45.66,47.2 1 0
service-user/internal/utils/random_name.go:7.36,10.2 2 0
service-user/internal/domain/usecase/category.go:18.121,23.2 1 11
service-user/internal/domain/usecase/category.go:25.115,27.16 2 3
service-user/internal/domain/usecase/category.go:30.2,32.16 3 2
service-user/internal/domain/usecase/category.go:35.2,35.128 1 1
service-user/internal/domain/usecase/category.go:27.16,29.3 1 1
service-user/internal/domain/usecase/category.go:32.16,34.3 1 1
service-user/internal/domain/usecase/category.go:38.79,40.16 2 2
service-user/internal/domain/usecase/category.go:43.2,43.99 1 1
service-user/internal/domain/usecase/category.go:40.16,42.3 1 1
service-user/internal/domain/usecase/category.go:46.82,48.16 2 2
service-user/internal/domain/usecase/category.go:51.2,51.97 1 1
service-user/internal/domain/usecase/category.go:48.16,50.3 1 1
service-user/internal/domain/usecase/category.go:54.102,56.55 2 4
service-user/internal/domain/usecase/category.go:59.2,61.16 3 3
service-user/internal/domain/usecase/category.go:64.2,65.16 2 2
service-user/internal/domain/usecase/category.go:68.2,68.118 1 1
service-user/internal/domain/usecase/category.go:56.55,58.3 1 1
service-user/internal/domain/usecase/category.go:61.16,63.3 1 1
service-user/internal/domain/usecase/category.go:65.16,67.3 1 1
service-user/internal/domain/entity/section.go:28.52,30.2 1 0
service-user/internal/domain/entity/section.go:32.56,36.2 3 0
service-user/internal/domain/entity/section.go:38.56,41.2 2 0
service-user/internal/domain/entity/objectives.go:27.55,29.2 1 0
service-user/internal/domain/entity/objectives.go:31.59,35.2 3 0
service-user/internal/domain/entity/objectives.go:37.59,40.2 2 0
service-user/internal/utils/url_utils.go:9.33,12.2 2 0
service-user/internal/utils/url_utils.go:14.47,17.2 2 21
service-user/mocks/IRepositoryGuides.go:17.65,21.50 3 2
service-user/mocks/IRepositoryGuides.go:27.2,27.11 1 2
service-user/mocks/IRepositoryGuides.go:21.50,23.3 1 0
service-user/mocks/IRepositoryGuides.go:23.8,25.3 1 2
service-user/mocks/IRepositoryGuides.go:31.98,36.87 4 2
service-user/mocks/IRepositoryGuides.go:39.2,39.78 1 2
service-user/mocks/IRepositoryGuides.go:47.2,47.67 1 2
service-user/mocks/IRepositoryGuides.go:53.2,53.15 1 2
service-user/mocks/IRepositoryGuides.go:36.87,38.3 1 0
service-user/mocks/IRepositoryGuides.go:39.78,41.3 1 0
service-user/mocks/IRepositoryGuides.go:41.8,42.24 1 2
service-user/mocks/IRepositoryGuides.go:42.24,44.4 1 2
service-user/mocks/IRepositoryGuides.go:47.67,49.3 1 0
service-user/mocks/IRepositoryGuides.go:49.8,51.3 1 2
service-user/mocks/IRepositoryGuides.go:57.83,62.68 4 6
service-user/mocks/IRepositoryGuides.go:65.2,65.59 1 6
service-user/mocks/IRepositoryGuides.go:73.2,73.50 1 6
service-user/mocks/IRepositoryGuides.go:79.2,79.15 1 6
service-user/mocks/IRepositoryGuides.go:62.68,64.3 1 0
service-user/mocks/IRepositoryGuides.go:65.59,67.3 1 0
service-user/mocks/IRepositoryGuides.go:67.8,68.24 1 6
service-user/mocks/IRepositoryGuides.go:68.24,70.4 1 6
service-user/mocks/IRepositoryGuides.go:73.50,75.3 1 0
service-user/mocks/IRepositoryGuides.go:75.8,77.3 1 6
service-user/mocks/IRepositoryGuides.go:83.89,88.76 4 2
service-user/mocks/IRepositoryGuides.go:91.2,91.67 1 2
service-user/mocks/IRepositoryGuides.go:99.2,99.58 1 2
service-user/mocks/IRepositoryGuides.go:105.2,105.15 1 2
service-user/mocks/IRepositoryGuides.go:88.76,90.3 1 0
service-user/mocks/IRepositoryGuides.go:91.67,93.3 1 0
service-user/mocks/IRepositoryGuides.go:93.8,94.24 1 2
service-user/mocks/IRepositoryGuides.go:94.24,96.4 1 2
service-user/mocks/IRepositoryGuides.go:99.58,101.3 1 0
service-user/mocks/IRepositoryGuides.go:101.8,103.3 1 2
service-user/mocks/IRepositoryGuides.go:114.93,118.19 3 11
service-user/mocks/IRepositoryGuides.go:120.2,120.13 1 11
service-user/mocks/IRepositoryGuides.go:118.19,118.49 1 11
service-user/internal/domain/repository/guides.go:17.57,21.2 1 0
service-user/internal/domain/repository/guides.go:27.87,30.2 2 0
service-user/internal/domain/repository/guides.go:32.96,38.2 4 0
service-user/internal/domain/repository/guides.go:40.81,47.2 6 0
service-user/internal/domain/repository/guides.go:49.63,51.2 1 0
service-user/internal/domain/repository/levels.go:16.57,20.2 1 0
service-user/internal/domain/repository/levels.go:26.87,29.2 2 0
service-user/internal/domain/repository/levels.go:31.93,35.2 3 0
service-user/internal/domain/repository/levels.go:37.82,41.2 3 0
service-user/internal/domain/repository/levels.go:43.63,45.2 1 0
service-user/internal/domain/usecase/objectives.go:14.94,18.2 1 8
service-user/internal/domain/usecase/objectives.go:20.96,22.16 2 2
service-user/internal/domain/usecase/objectives.go:25.2,25.127 1 1
service-user/internal/domain/usecase/objectives.go:22.16,24.3 1 1
service-user/internal/domain/usecase/objectives.go:29.83,31.16 2 2
service-user/internal/domain/usecase/objectives.go:34.2,34.118 1 1
service-user/internal/domain/usecase/objectives.go:31.16,33.3 1 1
service-user/internal/domain/usecase/objectives.go:38.85,40.16 2 2
service-user/internal/domain/usecase/objectives.go:43.2,43.99 1 1
service-user/internal/domain/usecase/objectives.go:40.16,42.3 1 1
service-user/internal/domain/usecase/objectives.go:46.83,48.16 2 2
service-user/internal/domain/usecase/objectives.go:51.2,51.98 1 1
service-user/internal/domain/usecase/objectives.go:48.16,50.3 1 1
service-user/mocks/IRepositoryActivities.go:17.77,21.50 3 2
service-user/mocks/IRepositoryActivities.go:27.2,27.11 1 2
service-user/mocks/IRepositoryActivities.go:21.50,23.3 1 0
service-user/mocks/IRepositoryActivities.go:23.8,25.3 1 2
service-user/mocks/IRepositoryActivities.go:31.94,36.74 4 2
service-user/mocks/IRepositoryActivities.go:39.2,39.65 1 2
service-user/mocks/IRepositoryActivities.go:47.2,47.50 1 2
service-user/mocks/IRepositoryActivities.go:53.2,53.15 1 2
service-user/mocks/IRepositoryActivities.go:36.74,38.3 1 0
service-user/mocks/IRepositoryActivities.go:39.65,41.3 1 0
service-user/mocks/IRepositoryActivities.go:41.8,42.24 1 2
service-user/mocks/IRepositoryActivities.go:42.24,44.4 1 2
service-user/mocks/IRepositoryActivities.go:47.50,49.3 1 0
service-user/mocks/IRepositoryActivities.go:49.8,51.3 1 2
service-user/mocks/IRepositoryActivities.go:57.100,62.72 4 6
service-user/mocks/IRepositoryActivities.go:65.2,65.63 1 6
service-user/mocks/IRepositoryActivities.go:73.2,73.50 1 6
service-user/mocks/IRepositoryActivities.go:79.2,79.15 1 6
service-user/mocks/IRepositoryActivities.go:62.72,64.3 1 0
service-user/mocks/IRepositoryActivities.go:65.63,67.3 1 0
service-user/mocks/IRepositoryActivities.go:67.8,68.24 1 6
service-user/mocks/IRepositoryActivities.go:68.24,70.4 1 6
service-user/mocks/IRepositoryActivities.go:73.50,75.3 1 0
service-user/mocks/IRepositoryActivities.go:75.8,77.3 1 6
service-user/mocks/IRepositoryActivities.go:83.111,88.84 4 2
service-user/mocks/IRepositoryActivities.go:91.2,91.75 1 2
service-user/mocks/IRepositoryActivities.go:99.2,99.62 1 2
service-user/mocks/IRepositoryActivities.go:105.2,105.15 1 2
service-user/mocks/IRepositoryActivities.go:88.84,90.3 1 0
service-user/mocks/IRepositoryActivities.go:91.75,93.3 1 0
service-user/mocks/IRepositoryActivities.go:93.8,94.24 1 2
service-user/mocks/IRepositoryActivities.go:94.24,96.4 1 2
service-user/mocks/IRepositoryActivities.go:99.62,101.3 1 0
service-user/mocks/IRepositoryActivities.go:101.8,103.3 1 2
service-user/mocks/IRepositoryActivities.go:114.105,118.19 3 11
service-user/mocks/IRepositoryActivities.go:120.2,120.13 1 11
service-user/mocks/IRepositoryActivities.go:118.19,118.49 1 11
service-user/internal/domain/entity/container-level.go:18.64,22.2 3 0
service-user/internal/domain/entity/container-level.go:24.64,27.2 2 0
service-user/internal/domain/entity/question.go:19.57,23.2 3 0
service-user/internal/domain/entity/question.go:25.57,28.2 2 0
service-user/internal/domain/object_values/response.go:10.107,17.2 1 83
service-user/internal/domain/usecase/container-level.go:18.141,23.2 1 11
service-user/internal/domain/usecase/container-level.go:25.131,26.31 1 3
service-user/internal/domain/usecase/container-level.go:38.2,39.16 2 2
service-user/internal/domain/usecase/container-level.go:42.2,42.119 1 1
service-user/internal/domain/usecase/container-level.go:26.31,28.17 2 3
service-user/internal/domain/usecase/container-level.go:35.3,35.33 1 2
service-user/internal/domain/usecase/container-level.go:28.17,34.4 1 1
service-user/internal/domain/usecase/container-level.go:39.16,41.3 1 1
service-user/internal/domain/usecase/container-level.go:45.89,47.16 2 2
service-user/internal/domain/usecase/container-level.go:50.2,50.98 1 1
service-user/internal/domain/usecase/container-level.go:47.16,49.3 1 1
service-user/internal/domain/usecase/container-level.go:53.101,55.16 2 2
service-user/internal/domain/usecase/container-level.go:58.2,58.98 1 1
service-user/internal/domain/usecase/container-level.go:55.16,57.3 1 1
service-user/internal/domain/usecase/container-level.go:62.121,64.16 2 4
service-user/internal/domain/usecase/container-level.go:67.2,67.31 1 3
service-user/internal/domain/usecase/container-level.go:74.2,75.16 2 2
service-user/internal/domain/usecase/container-level.go:78.2,78.134 1 1
service-user/internal/domain/usecase/container-level.go:64.16,66.3 1 1
service-user/internal/domain/usecase/container-level.go:67.31,70.17 3 3
service-user/internal/domain/usecase/container-level.go:70.17,72.4 1 1
service-user/internal/domain/usecase/container-level.go:75.16,77.3 1 1
service-user/mocks/IRepositorySection.go:17.68,21.50 3 2
service-user/mocks/IRepositorySection.go:27.2,27.11 1 2
service-user/mocks/IRepositorySection.go:21.50,23.3 1 0
service-user/mocks/IRepositorySection.go:23.8,25.3 1 2
service-user/mocks/IRepositorySection.go:31.101,36.88 4 2
service-user/mocks/IRepositorySection.go:39.2,39.79 1 2
service-user/mocks/IRepositorySection.go:47.2,47.67 1 2
service-user/mocks/IRepositorySection.go:53.2,53.15 1 2
service-user/mocks/IRepositorySection.go:36.88,38.3 1 0
service-user/mocks/IRepositorySection.go:39.79,41.3 1 0
service-user/mocks/IRepositorySection.go:41.8,42.24 1 2
service-user/mocks/IRepositorySection.go:42.24,44.4 1 2
service-user/mocks/IRepositorySection.go:47.67,49.3 1 0
service-user/mocks/IRepositorySection.go:49.8,51.3 1 2
service-user/mocks/IRepositorySection.go:57.88,62.69 4 6
service-user/mocks/IRepositorySection.go:65.2,65.60 1 6
service-user/mocks/IRepositorySection.go:73.2,73.50 1 6
service-user/mocks/IRepositorySection.go:79.2,79.15 1 6
service-user/mocks/IRepositorySection.go:62.69,64.3 1 0
service-user/mocks/IRepositorySection.go:65.60,67.3 1 0
service-user/mocks/IRepositorySection.go:67.8,68.24 1 6
service-user/mocks/IRepositorySection.go:68.24,70.4 1 6
service-user/mocks/IRepositorySection.go:73.50,75.3 1 0
service-user/mocks/IRepositorySection.go:75.8,77.3 1 6
service-user/mocks/IRepositorySection.go:83.94,88.78 4 2
service-user/mocks/IRepositorySection.go:91.2,91.69 1 2
service-user/mocks/IRepositorySection.go:99.2,99.59 1 2
service-user/mocks/IRepositorySection.go:105.2,105.15 1 2
service-user/mocks/IRepositorySection.go:88.78,90.3 1 0
service-user/mocks/IRepositorySection.go:91.69,93.3 1 0
service-user/mocks/IRepositorySection.go:93.8,94.24 1 2
service-user/mocks/IRepositorySection.go:94.24,96.4 1 2
service-user/mocks/IRepositorySection.go:99.59,101.3 1 0
service-user/mocks/IRepositorySection.go:101.8,103.3 1 2
service-user/mocks/IRepositorySection.go:114.96,118.19 3 11
service-user/mocks/IRepositorySection.go:120.2,120.13 1 11
service-user/mocks/IRepositorySection.go:118.19,118.49 1 11
service-user/internal/domain/entity/category.go:27.54,29.2 1 0
service-user/internal/domain/entity/category.go:31.59,35.2 3 0
service-user/internal/domain/entity/category.go:37.59,40.2 2 0
service-user/internal/domain/entity/guides.go:38.51,40.2 1 0
service-user/internal/domain/entity/guides.go:42.55,46.2 3 0
service-user/internal/domain/entity/guides.go:48.55,51.2 2 0
service-user/internal/domain/entity/levels.go:27.51,29.2 1 0
service-user/internal/domain/entity/levels.go:31.55,35.2 3 0
service-user/internal/domain/entity/levels.go:37.55,40.2 2 0
service-user/internal/domain/repository/container-level.go:16.75,20.2 1 0
service-user/internal/domain/repository/container-level.go:26.132,29.2 2 0
service-user/internal/domain/repository/container-level.go:31.108,35.2 3 0
service-user/internal/domain/repository/container-level.go:37.118,41.2 3 0
service-user/internal/domain/repository/container-level.go:43.90,45.2 1 0
service-user/internal/domain/repository/objectives.go:16.65,20.2 1 0
service-user/internal/domain/repository/objectives.go:26.105,29.2 2 0
service-user/internal/domain/repository/objectives.go:31.73,33.2 1 0
service-user/internal/domain/repository/objectives.go:35.99,39.2 3 0
service-user/internal/domain/repository/objectives.go:41.96,45.2 3 0
service-user/mocks/IRepositoryLevels.go:17.65,21.50 3 2
service-user/mocks/IRepositoryLevels.go:27.2,27.11 1 2
service-user/mocks/IRepositoryLevels.go:21.50,23.3 1 0
service-user/mocks/IRepositoryLevels.go:23.8,25.3 1 2
service-user/mocks/IRepositoryLevels.go:31.95,36.70 4 2
service-user/mocks/IRepositoryLevels.go:39.2,39.61 1 2
service-user/mocks/IRepositoryLevels.go:47.2,47.50 1 2
service-user/mocks/IRepositoryLevels.go:53.2,53.15 1 2
service-user/mocks/IRepositoryLevels.go:36.70,38.3 1 0
service-user/mocks/IRepositoryLevels.go:39.61,41.3 1 0
service-user/mocks/IRepositoryLevels.go:41.8,42.24 1 2
service-user/mocks/IRepositoryLevels.go:42.24,44.4 1 2
service-user/mocks/IRepositoryLevels.go:47.50,49.3 1 0
service-user/mocks/IRepositoryLevels.go:49.8,51.3 1 2
service-user/mocks/IRepositoryLevels.go:57.84,62.68 4 6
service-user/mocks/IRepositoryLevels.go:65.2,65.59 1 6
service-user/mocks/IRepositoryLevels.go:73.2,73.50 1 6
service-user/mocks/IRepositoryLevels.go:79.2,79.15 1 6
service-user/mocks/IRepositoryLevels.go:62.68,64.3 1 0
service-user/mocks/IRepositoryLevels.go:65.59,67.3 1 0
service-user/mocks/IRepositoryLevels.go:67.8,68.24 1 6
service-user/mocks/IRepositoryLevels.go:68.24,70.4 1 6
service-user/mocks/IRepositoryLevels.go:73.50,75.3 1 0
service-user/mocks/IRepositoryLevels.go:75.8,77.3 1 6
service-user/mocks/IRepositoryLevels.go:83.89,88.76 4 2
service-user/mocks/IRepositoryLevels.go:91.2,91.67 1 2
service-user/mocks/IRepositoryLevels.go:99.2,99.58 1 2
service-user/mocks/IRepositoryLevels.go:105.2,105.15 1 2
service-user/mocks/IRepositoryLevels.go:88.76,90.3 1 0
service-user/mocks/IRepositoryLevels.go:91.67,93.3 1 0
service-user/mocks/IRepositoryLevels.go:93.8,94.24 1 2
service-user/mocks/IRepositoryLevels.go:94.24,96.4 1 2
service-user/mocks/IRepositoryLevels.go:99.58,101.3 1 0
service-user/mocks/IRepositoryLevels.go:101.8,103.3 1 2
service-user/mocks/IRepositoryLevels.go:114.93,118.19 3 11
service-user/mocks/IRepositoryLevels.go:120.2,120.13 1 11
service-user/mocks/IRepositoryLevels.go:118.19,118.49 1 11
service-user/internal/domain/entity/activities.go:21.59,25.2 3 0
service-user/internal/domain/entity/activities.go:27.59,30.2 2 0
service-user/internal/domain/validator/activities.go:12.65,13.36 1 1
service-user/internal/domain/validator/activities.go:13.36,18.46 4 1
service-user/internal/domain/validator/activities.go:22.3,23.17 2 0
service-user/internal/domain/validator/activities.go:18.46,21.4 2 1
service-user/internal/domain/entity/activities.go:21.59,25.2 3 0
service-user/internal/domain/entity/activities.go:27.59,30.2 2 0
service-user/internal/domain/entity/guides.go:38.51,40.2 1 0
service-user/internal/domain/entity/guides.go:42.55,46.2 3 0
service-user/internal/domain/entity/guides.go:48.55,51.2 2 0
service-user/internal/domain/entity/section.go:28.52,30.2 1 0
service-user/internal/domain/entity/section.go:32.56,36.2 3 0
service-user/internal/domain/entity/section.go:38.56,41.2 2 0
service-user/internal/domain/validator/container-level.go:12.70,13.36 1 1
service-user/internal/domain/validator/container-level.go:13.36,18.51 4 1
service-user/internal/domain/validator/container-level.go:22.3,23.17 2 0
service-user/internal/domain/validator/container-level.go:18.51,21.4 2 1
service-user/internal/domain/validator/guides.go:12.61,13.36 1 1
service-user/internal/domain/validator/guides.go:13.36,18.42 4 1
service-user/internal/domain/validator/guides.go:22.3,23.17 2 0
service-user/internal/domain/validator/guides.go:18.42,21.4 2 1
service-user/internal/domain/validator/levels.go:12.61,13.36 1 1
service-user/internal/domain/validator/levels.go:13.36,18.42 4 1
service-user/internal/domain/validator/levels.go:22.3,23.17 2 0
service-user/internal/domain/validator/levels.go:18.42,21.4 2 1
service-user/internal/domain/validator/sections.go:12.63,13.36 1 1
service-user/internal/domain/validator/sections.go:13.36,18.43 4 1
service-user/internal/domain/validator/sections.go:22.3,23.17 2 0
service-user/internal/domain/validator/sections.go:18.43,21.4 2 1
service-user/internal/domain/entity/category.go:27.54,29.2 1 0
service-user/internal/domain/entity/category.go:31.59,35.2 3 0
service-user/internal/domain/entity/category.go:37.59,40.2 2 0
service-user/internal/domain/entity/container-level.go:18.64,22.2 3 0
service-user/internal/domain/entity/container-level.go:24.64,27.2 2 0
service-user/internal/infra/validation/client.go:19.41,20.17 1 8
service-user/internal/infra/validation/client.go:33.2,33.17 1 8
service-user/internal/infra/validation/client.go:20.17,26.13 5 1
service-user/internal/infra/validation/client.go:29.3,29.85 1 1
service-user/internal/infra/validation/client.go:26.13,28.4 1 0
service-user/internal/infra/validation/client.go:29.85,31.4 1 0
service-user/internal/infra/validation/client.go:41.86,45.25 2 8
service-user/internal/infra/validation/client.go:53.2,53.15 1 8
service-user/internal/infra/validation/client.go:45.25,51.3 2 41
service-user/internal/domain/validator/category.go:12.65,13.36 1 1
service-user/internal/domain/validator/category.go:13.36,18.46 4 1
service-user/internal/domain/validator/category.go:22.3,23.17 2 0
service-user/internal/domain/validator/category.go:18.46,21.4 2 1
service-user/internal/domain/validator/objectives.go:12.65,13.36 1 1
service-user/internal/domain/validator/objectives.go:13.36,18.46 4 1
service-user/internal/domain/validator/objectives.go:22.3,23.17 2 0
service-user/internal/domain/validator/objectives.go:18.46,21.4 2 1
service-user/internal/domain/validator/question.go:12.63,13.36 1 1
service-user/internal/domain/validator/question.go:13.36,18.44 4 1
service-user/internal/domain/validator/question.go:22.3,23.17 2 0
service-user/internal/domain/validator/question.go:18.44,21.4 2 1
service-user/internal/domain/entity/levels.go:27.51,29.2 1 0
service-user/internal/domain/entity/levels.go:31.55,35.2 3 0
service-user/internal/domain/entity/levels.go:37.55,40.2 2 0
service-user/internal/domain/entity/objectives.go:27.55,29.2 1 0
service-user/internal/domain/entity/objectives.go:31.59,35.2 3 0
service-user/internal/domain/entity/objectives.go:37.59,40.2 2 0
service-user/internal/domain/entity/question.go:19.57,23.2 3 0
service-user/internal/domain/entity/question.go:25.57,28.2 2 0
